C:\Program Files (x86)\MSBuild\Microsoft.Cpp\v4.0\V140\Microsoft.CppBuild.targets(392,5): warning MSB8028: The intermediate directory (x64\Release\) contains files shared from another project (09_27_ignore_big_event.vcxproj, Our Scheme.vcxproj).  This can lead to incorrect clean and rebuild behavior.
  combinablefilter.cpp
c:\users\seclab613\desktop\research\backup code\widespread\09_27_ignore_big_event\widespread event detection\09_27_ignore_big_event\BloomFilter.h(27): warning C4244: '=': conversion from 'double' to 'int', possible loss of data
c:\users\seclab613\desktop\research\backup code\widespread\09_27_ignore_big_event\widespread event detection\09_27_ignore_big_event\BloomFilter.h(186): warning C4267: '=': conversion from 'size_t' to 'int', possible loss of data
combinablefilter.cpp(47): warning C4267: 'argument': conversion from 'size_t' to 'int', possible loss of data
combinablefilter.cpp(63): warning C4244: 'argument': conversion from 'const __int64' to 'unsigned int', possible loss of data
combinablefilter.cpp(142): warning C4244: 'argument': conversion from 'const __int64' to 'int', possible loss of data
combinablefilter.cpp(337): warning C4244: '=': conversion from 'double' to '__int64', possible loss of data
combinablefilter.cpp(415): warning C4244: 'argument': conversion from '__int64' to 'int', possible loss of data
combinablefilter.cpp(502): warning C4244: 'argument': conversion from '__int64' to 'int', possible loss of data
combinablefilter.cpp(570): warning C4244: 'initializing': conversion from 'double' to 'int', possible loss of data
combinablefilter.cpp(722): warning C4244: '=': conversion from '__int64' to 'int', possible loss of data
combinablefilter.cpp(723): warning C4244: '=': conversion from '__int64' to 'int', possible loss of data
combinablefilter.cpp(724): warning C4244: '=': conversion from '__int64' to 'int', possible loss of data
combinablefilter.cpp(725): warning C4244: '=': conversion from '__int64' to 'int', possible loss of data
combinablefilter.cpp(780): warning C4244: 'argument': conversion from 'unsigned __int64' to 'double', possible loss of data
combinablefilter.cpp(782): warning C4244: '+=': conversion from 'double' to '__int64', possible loss of data
combinablefilter.cpp(783): warning C4244: '+=': conversion from 'double' to '__int64', possible loss of data
combinablefilter.cpp(784): warning C4244: '+=': conversion from 'double' to '__int64', possible loss of data
combinablefilter.cpp(785): warning C4244: '+=': conversion from 'double' to '__int64', possible loss of data
combinablefilter.cpp(786): warning C4244: '+=': conversion from 'double' to '__int64', possible loss of data
combinablefilter.cpp(787): warning C4244: '+=': conversion from 'double' to '__int64', possible loss of data
combinablefilter.cpp(788): warning C4244: '+=': conversion from 'double' to '__int64', possible loss of data
combinablefilter.cpp(789): warning C4244: '+=': conversion from 'double' to '__int64', possible loss of data
combinablefilter.cpp(799): warning C4244: 'argument': conversion from '__int64' to 'double', possible loss of data
combinablefilter.cpp(801): warning C4244: '+=': conversion from 'double' to '__int64', possible loss of data
combinablefilter.cpp(802): warning C4244: '+=': conversion from 'double' to '__int64', possible loss of data
combinablefilter.cpp(803): warning C4244: '+=': conversion from 'double' to '__int64', possible loss of data
combinablefilter.cpp(804): warning C4244: '+=': conversion from 'double' to '__int64', possible loss of data
combinablefilter.cpp(805): warning C4244: '+=': conversion from 'double' to '__int64', possible loss of data
combinablefilter.cpp(806): warning C4244: '+=': conversion from 'double' to '__int64', possible loss of data
combinablefilter.cpp(807): warning C4244: '+=': conversion from 'double' to '__int64', possible loss of data
combinablefilter.cpp(808): warning C4244: '+=': conversion from 'double' to '__int64', possible loss of data
combinablefilter.cpp(831): warning C4244: 'argument': conversion from '__int64' to 'int', possible loss of data
combinablefilter.cpp(845): warning C4244: '+=': conversion from 'double' to '__int64', possible loss of data
combinablefilter.cpp(846): warning C4244: '+=': conversion from 'double' to '__int64', possible loss of data
combinablefilter.cpp(847): warning C4244: '+=': conversion from 'double' to '__int64', possible loss of data
combinablefilter.cpp(848): warning C4244: '+=': conversion from 'double' to '__int64', possible loss of data
combinablefilter.cpp(849): warning C4244: '+=': conversion from 'double' to '__int64', possible loss of data
combinablefilter.cpp(850): warning C4244: '+=': conversion from 'double' to '__int64', possible loss of data
combinablefilter.cpp(851): warning C4244: '+=': conversion from 'double' to '__int64', possible loss of data
combinablefilter.cpp(852): warning C4244: '+=': conversion from 'double' to '__int64', possible loss of data
combinablefilter.cpp(916): warning C4244: '+=': conversion from 'double' to '__int64', possible loss of data
combinablefilter.cpp(917): warning C4244: '+=': conversion from 'double' to '__int64', possible loss of data
combinablefilter.cpp(918): warning C4244: '+=': conversion from 'double' to '__int64', possible loss of data
combinablefilter.cpp(919): warning C4244: '+=': conversion from 'double' to '__int64', possible loss of data
combinablefilter.cpp(920): warning C4244: '+=': conversion from 'double' to '__int64', possible loss of data
combinablefilter.cpp(921): warning C4244: '+=': conversion from 'double' to '__int64', possible loss of data
combinablefilter.cpp(922): warning C4244: '+=': conversion from 'double' to '__int64', possible loss of data
combinablefilter.cpp(923): warning C4244: '+=': conversion from 'double' to '__int64', possible loss of data
combinablefilter.cpp(1060): warning C4244: 'argument': conversion from '__int64' to 'int', possible loss of data
combinablefilter.cpp(1144): warning C4244: 'argument': conversion from '__int64' to 'double', possible loss of data
combinablefilter.cpp(1149): warning C4244: '+=': conversion from 'double' to '__int64', possible loss of data
combinablefilter.cpp(1150): warning C4244: '+=': conversion from 'double' to '__int64', possible loss of data
combinablefilter.cpp(1151): warning C4244: '+=': conversion from 'double' to '__int64', possible loss of data
combinablefilter.cpp(1152): warning C4244: '+=': conversion from 'double' to '__int64', possible loss of data
combinablefilter.cpp(1153): warning C4244: '+=': conversion from 'double' to '__int64', possible loss of data
combinablefilter.cpp(1154): warning C4244: '+=': conversion from 'double' to '__int64', possible loss of data
combinablefilter.cpp(1155): warning C4244: '+=': conversion from 'double' to '__int64', possible loss of data
combinablefilter.cpp(1156): warning C4244: '+=': conversion from 'double' to '__int64', possible loss of data
combinablefilter.cpp(1161): warning C4244: '=': conversion from '__int64' to 'long double', possible loss of data
combinablefilter.cpp(1162): warning C4244: '=': conversion from '__int64' to 'long double', possible loss of data
combinablefilter.cpp(1163): warning C4244: '=': conversion from '__int64' to 'long double', possible loss of data
combinablefilter.cpp(1164): warning C4244: '=': conversion from '__int64' to 'long double', possible loss of data
combinablefilter.cpp(1165): warning C4244: '=': conversion from '__int64' to 'long double', possible loss of data
combinablefilter.cpp(1166): warning C4244: '=': conversion from '__int64' to 'long double', possible loss of data
combinablefilter.cpp(1167): warning C4244: '=': conversion from '__int64' to 'long double', possible loss of data
combinablefilter.cpp(1168): warning C4244: '=': conversion from '__int64' to 'long double', possible loss of data
combinablefilter.cpp(1202): warning C4244: 'argument': conversion from '__int64' to 'double', possible loss of data
combinablefilter.cpp(1208): warning C4244: '+=': conversion from 'double' to '__int64', possible loss of data
combinablefilter.cpp(1242): warning C4244: '+=': conversion from 'double' to '__int64', possible loss of data
combinablefilter.cpp(1255): warning C4244: '+=': conversion from 'double' to '__int64', possible loss of data
combinablefilter.cpp(1286): warning C4244: 'argument': conversion from '__int64' to 'double', possible loss of data
combinablefilter.cpp(1290): warning C4244: '+=': conversion from 'double' to '__int64', possible loss of data
combinablefilter.cpp(1315): warning C4244: '=': conversion from '__int64' to 'double', possible loss of data
combinablefilter.cpp(1332): warning C4244: '+=': conversion from 'double' to '__int64', possible loss of data
combinablefilter.cpp(1340): warning C4244: 'argument': conversion from '__int64' to 'double', possible loss of data
combinablefilter.cpp(1343): warning C4244: '+=': conversion from 'double' to '__int64', possible loss of data
combinablefilter.cpp(1402): warning C4244: 'initializing': conversion from 'double' to '__int64', possible loss of data
combinablefilter.cpp(1415): warning C4244: '=': conversion from 'double' to 'int', possible loss of data
combinablefilter.cpp(1526): warning C4244: '=': conversion from '__int64' to 'int', possible loss of data
combinablefilter.cpp(1532): warning C4244: '=': conversion from '__int64' to 'int', possible loss of data
combinablefilter.cpp(1538): warning C4244: '=': conversion from '__int64' to 'int', possible loss of data
combinablefilter.cpp(1542): warning C4244: '=': conversion from '__int64' to 'int', possible loss of data
combinablefilter.cpp(1568): warning C4244: 'argument': conversion from 'double' to '__int64', possible loss of data
combinablefilter.cpp(1572): warning C4475: 'printf' : length modifier 'll' cannot be used with type field character 'f' in format specifier
combinablefilter.cpp(1626): warning C4244: 'initializing': conversion from 'double' to '__int64', possible loss of data
combinablefilter.cpp(1707): warning C4244: '=': conversion from '__int64' to 'int', possible loss of data
combinablefilter.cpp(1713): warning C4244: '=': conversion from '__int64' to 'int', possible loss of data
combinablefilter.cpp(1719): warning C4244: '=': conversion from '__int64' to 'int', possible loss of data
combinablefilter.cpp(1723): warning C4244: '=': conversion from '__int64' to 'int', possible loss of data
combinablefilter.cpp(1799): warning C4244: 'initializing': conversion from 'double' to '__int64', possible loss of data
combinablefilter.cpp(1836): warning C4244: 'argument': conversion from 'double' to '__int64', possible loss of data
combinablefilter.cpp(1889): warning C4244: 'initializing': conversion from 'double' to '__int64', possible loss of data
combinablefilter.cpp(1920): warning C4244: 'argument': conversion from 'double' to '__int64', possible loss of data
combinablefilter.cpp(1987): warning C4244: 'argument': conversion from '__int64' to 'int', possible loss of data
combinablefilter.cpp(2089): warning C4244: 'initializing': conversion from 'double' to '__int64', possible loss of data
combinablefilter.cpp(2160): warning C4244: 'initializing': conversion from 'double' to '__int64', possible loss of data
combinablefilter.cpp(2172): warning C4244: '=': conversion from '__int64' to 'double', possible loss of data
combinablefilter.cpp(2207): warning C4475: 'printf' : length modifier 'll' cannot be used with type field character 'f' in format specifier
combinablefilter.cpp(2245): warning C4244: 'initializing': conversion from 'double' to '__int64', possible loss of data
combinablefilter.cpp(2260): warning C4475: 'printf' : length modifier 'll' cannot be used with type field character 'f' in format specifier
  main.cpp
c:\users\seclab613\desktop\research\backup code\widespread\09_27_ignore_big_event\widespread event detection\09_27_ignore_big_event\BLOOMFILTER.h(27): warning C4244: '=': conversion from 'double' to 'int', possible loss of data
c:\users\seclab613\desktop\research\backup code\widespread\09_27_ignore_big_event\widespread event detection\09_27_ignore_big_event\BLOOMFILTER.h(186): warning C4267: '=': conversion from 'size_t' to 'int', possible loss of data
main.cpp(243): warning C4244: 'initializing': conversion from 'double' to '__int64', possible loss of data
main.cpp(48): warning C4477: 'printf' : format string '%lld' requires an argument of type '__int64', but variadic argument 1 has type 'int'
  main.cpp(48): note: consider using '%d' in the format string
  main.cpp(48): note: consider using '%I32d' in the format string
  preprocess.cpp
  progressivefiltering.cpp
  Generating code
  1035 of 1041 functions (99.4%) were compiled, the rest were copied from previous compilation.
    1 functions were new in current compilation
    0 functions had inline decision re-evaluated but remain unchanged
  Finished generating code
  09_27_ignore_big_event.vcxproj -> C:\Users\seclab613\Desktop\Research\backup code\Widespread\09_27_ignore_big_event\Widespread event detection\x64\Release\Widespread event detection.exe
  09_27_ignore_big_event.vcxproj -> C:\Users\seclab613\Desktop\Research\backup code\Widespread\09_27_ignore_big_event\Widespread event detection\x64\Release\Widespread event detection.pdb (Full PDB)
